<?xml version="1.0" encoding="UTF-8"?>
<!-- Generated by org.testng.reporters.JUnitXMLReporter -->
<testsuite ignored="0" hostname="LAPTOP-JNT6BKIC" failures="1" tests="3" name="Test" time="43.55" errors="0" timestamp="2022-02-12T07:47:08 IST">
  <testcase classname="testcases.Verifyloginpage" name="LaunchBrowser" time="9.969"/>
  <testcase classname="testcases.Verifyloginpage" name="LaunchBrowser" time="8.445"/>
  <testcase classname="testcases.verifysignuppage" name="fillSignupForm" time="25.004">
    <failure type="org.openqa.selenium.NoSuchElementException" message="Cannot locate option with value: QAanalyst
For documentation on this error, please visit: https://selenium.dev/exceptions/#no_such_element
Build info: version: &amp;apos;4.1.2&amp;apos;, revision: &amp;apos;9a5a329c5a&amp;apos;
System info: host: &amp;apos;LAPTOP-JNT6BKIC&amp;apos;, ip: &amp;apos;192.168.43.145&amp;apos;, os.name: &amp;apos;Windows 10&amp;apos;, os.arch: &amp;apos;amd64&amp;apos;, os.version: &amp;apos;10.0&amp;apos;, java.version: &amp;apos;17.0.1&amp;apos;
Driver info: driver.version: unknown">
      <![CDATA[org.openqa.selenium.NoSuchElementException: Cannot locate option with value: QAanalyst
For documentation on this error, please visit: https://selenium.dev/exceptions/#no_such_element
Build info: version: '4.1.2', revision: '9a5a329c5a'
System info: host: 'LAPTOP-JNT6BKIC', ip: '192.168.43.145', os.name: 'Windows 10', os.arch: 'amd64', os.version: '10.0', java.version: '17.0.1'
Driver info: driver.version: unknown
at org.openqa.selenium.support.ui.Select.findOptionsByValue(Select.java:287)
at org.openqa.selenium.support.ui.Select.selectByValue(Select.java:190)
at pageobjectmodel.Signuppageobject.selectjobtitle(Signuppageobject.java:47)
at testcases.verifysignuppage.fillSignupForm(verifysignuppage.java:20)
at java.base/java.util.ArrayList.forEach(ArrayList.java:1511)
... Removed 27 stack frames]]>
    </failure>
  </testcase> <!-- fillSignupForm -->
</testsuite> <!-- Test -->
